<?xml version="1.0" encoding="UTF-8" ?>
<testsuite tests="11" failures="11" name="RegisterTest" time="19.031" errors="0" skipped="0">
  <properties>
    <property name="java.runtime.name" value="Java(TM) SE Runtime Environment"/>
    <property name="java.vm.version" value="17.0.6+9-LTS-190"/>
    <property name="sun.boot.library.path" value="C:\Program Files\Java\jdk-17\bin"/>
    <property name="maven.multiModuleProjectDirectory" value="C:\Users\Thorwana\Dropbox\My PC (LAPTOP-9MHKNSTG)\Documents\NetBeansProjects\ST10296818 Tokollo Will Nonyane PROG5121 Assignment 1_POE_Part 1"/>
    <property name="java.vm.vendor" value="Oracle Corporation"/>
    <property name="java.vendor.url" value="https://java.oracle.com/"/>
    <property name="guice.disable.misplaced.annotation.check" value="true"/>
    <property name="path.separator" value=";"/>
    <property name="java.vm.name" value="Java HotSpot(TM) 64-Bit Server VM"/>
    <property name="sun.os.patch.level" value=""/>
    <property name="user.script" value=""/>
    <property name="user.country" value="US"/>
    <property name="sun.java.launcher" value="SUN_STANDARD"/>
    <property name="test" value="RegisterTest"/>
    <property name="java.vm.specification.name" value="Java Virtual Machine Specification"/>
    <property name="user.dir" value="C:\Users\Thorwana\Dropbox\My PC (LAPTOP-9MHKNSTG)\Documents\NetBeansProjects\ST10296818 Tokollo Will Nonyane PROG5121 Assignment 1_POE_Part 1"/>
    <property name="java.vm.compressedOopsMode" value="32-bit"/>
    <property name="java.runtime.version" value="17.0.6+9-LTS-190"/>
    <property name="os.arch" value="amd64"/>
    <property name="java.io.tmpdir" value="C:\Users\Thorwana\AppData\Local\Temp\"/>
    <property name="line.separator" value="
"/>
    <property name="java.vm.specification.vendor" value="Oracle Corporation"/>
    <property name="user.variant" value=""/>
    <property name="os.name" value="Windows 11"/>
    <property name="maven.ext.class.path" value="C:\Program Files\NetBeans-17\netbeans\java\maven-nblib\netbeans-eventspy.jar"/>
    <property name="classworlds.conf" value="C:\Program Files\NetBeans-17\netbeans\java\maven\bin\m2.conf"/>
    <property name="sun.jnu.encoding" value="Cp1252"/>
    <property name="java.library.path" value="C:\Program Files\Java\jdk-17\bin;C:\WINDOWS\Sun\Java\bin;C:\WINDOWS\system32;C:\WINDOWS;C:\Program Files\Common Files\Oracle\Java\javapath;C:\Program Files (x86)\Common Files\Intel\Shared Libraries\redist\intel64\compiler;C:\WINDOWS\system32;C:\WINDOWS;C:\WINDOWS\System32\Wbem;C:\WINDOWS\System32\WindowsPowerShell\v1.0\;C:\WINDOWS\System32\OpenSSH\;C:\Program Files\dotnet\;C:\Users\Thorwana\AppData\Local\Microsoft\WindowsApps;."/>
    <property name="maven.conf" value="C:\Program Files\NetBeans-17\netbeans\java\maven/conf"/>
    <property name="jdk.debug" value="release"/>
    <property name="java.class.version" value="61.0"/>
    <property name="java.specification.name" value="Java Platform API Specification"/>
    <property name="sun.management.compiler" value="HotSpot 64-Bit Tiered Compilers"/>
    <property name="os.version" value="10.0"/>
    <property name="library.jansi.path" value="C:\Program Files\NetBeans-17\netbeans\java\maven\lib\jansi-native"/>
    <property name="user.home" value="C:\Users\Thorwana"/>
    <property name="user.timezone" value="Africa/Johannesburg"/>
    <property name="file.encoding" value="UTF-8"/>
    <property name="java.specification.version" value="17"/>
    <property name="user.name" value="Thorwana"/>
    <property name="java.class.path" value="C:\Program Files\NetBeans-17\netbeans\java\maven\boot\plexus-classworlds-2.6.0.jar"/>
    <property name="java.vm.specification.version" value="17"/>
    <property name="sun.arch.data.model" value="64"/>
    <property name="sun.java.command" value="org.codehaus.plexus.classworlds.launcher.Launcher -Dtest=RegisterTest -Dmaven.ext.class.path=C:\Program Files\NetBeans-17\netbeans\java\maven-nblib\netbeans-eventspy.jar -Dfile.encoding=UTF-8 --no-transfer-progress surefire:test"/>
    <property name="java.home" value="C:\Program Files\Java\jdk-17"/>
    <property name="user.language" value="en"/>
    <property name="java.specification.vendor" value="Oracle Corporation"/>
    <property name="java.vm.info" value="mixed mode, sharing"/>
    <property name="java.version" value="17.0.6"/>
    <property name="native.encoding" value="Cp1252"/>
    <property name="java.vendor" value="Oracle Corporation"/>
    <property name="maven.home" value="C:\Program Files\NetBeans-17\netbeans\java\maven"/>
    <property name="file.separator" value="\"/>
    <property name="java.version.date" value="2023-01-17"/>
    <property name="java.vendor.url.bug" value="https://bugreport.java.com/bugreport/"/>
    <property name="sun.io.unicode.encoding" value="UnicodeLittle"/>
    <property name="sun.cpu.endian" value="little"/>
    <property name="sun.cpu.isalist" value="amd64"/>
  </properties>
  <testcase classname="RegisterTest" name="RegisterTest.testLogusername" time="0.041">
    <failure message="Cannot invoke &quot;Login.logusername()&quot; because &quot;instance&quot; is null" type="java.lang.NullPointerException">java.lang.NullPointerException: Cannot invoke &quot;Login.logusername()&quot; because &quot;instance&quot; is null
	at RegisterTest.testLogusername(RegisterTest.java:44)
</failure>
    <system-out>logusername
</system-out>
  </testcase>
  <testcase classname="RegisterTest" name="RegisterTest.testRegisterUser" time="0.002">
    <failure message="Cannot invoke &quot;Login.registerUser()&quot; because &quot;instance&quot; is null" type="java.lang.NullPointerException">java.lang.NullPointerException: Cannot invoke &quot;Login.registerUser()&quot; because &quot;instance&quot; is null
	at RegisterTest.testRegisterUser(RegisterTest.java:126)
</failure>
    <system-out>registerUser
</system-out>
  </testcase>
  <testcase classname="RegisterTest" name="RegisterTest.testSetUsername" time="0.001">
    <failure message="Cannot invoke &quot;Login.setUsername(String)&quot; because &quot;instance&quot; is null" type="java.lang.NullPointerException">java.lang.NullPointerException: Cannot invoke &quot;Login.setUsername(String)&quot; because &quot;instance&quot; is null
	at RegisterTest.testSetUsername(RegisterTest.java:58)
</failure>
    <system-out>setUsername
</system-out>
  </testcase>
  <testcase classname="RegisterTest" name="RegisterTest.testLogpassword" time="0">
    <failure message="Cannot invoke &quot;Login.logpassword()&quot; because &quot;instance&quot; is null" type="java.lang.NullPointerException">java.lang.NullPointerException: Cannot invoke &quot;Login.logpassword()&quot; because &quot;instance&quot; is null
	at RegisterTest.testLogpassword(RegisterTest.java:71)
</failure>
    <system-out>logpassword
</system-out>
  </testcase>
  <testcase classname="RegisterTest" name="RegisterTest.testSetpasswords" time="18.05">
    <failure message="Cannot invoke &quot;String.length()&quot; because &quot;password&quot; is null" type="java.lang.NullPointerException">java.lang.NullPointerException: Cannot invoke &quot;String.length()&quot; because &quot;password&quot; is null
	at Register.Setpasswords(Register.java:60)
	at RegisterTest.testSetpasswords(RegisterTest.java:33)
</failure>
    <system-out>Setpasswords
</system-out>
  </testcase>
  <testcase classname="RegisterTest" name="RegisterTest.testSetusername" time="0.917">
    <failure message="Cannot invoke &quot;String.length()&quot; because &quot;username&quot; is null" type="java.lang.NullPointerException">java.lang.NullPointerException: Cannot invoke &quot;String.length()&quot; because &quot;username&quot; is null
	at Register.Setusername(Register.java:42)
	at RegisterTest.testSetusername(RegisterTest.java:18)
</failure>
    <system-out>Setusername
</system-out>
  </testcase>
  <testcase classname="RegisterTest" name="RegisterTest.testSetPassword" time="0.001">
    <failure message="Cannot invoke &quot;Login.setPassword(String)&quot; because &quot;instance&quot; is null" type="java.lang.NullPointerException">java.lang.NullPointerException: Cannot invoke &quot;Login.setPassword(String)&quot; because &quot;instance&quot; is null
	at RegisterTest.testSetPassword(RegisterTest.java:85)
</failure>
    <system-out>setPassword
</system-out>
  </testcase>
  <testcase classname="RegisterTest" name="RegisterTest.testLoginUser" time="0.001">
    <failure message="Cannot invoke &quot;Login.loginUser()&quot; because &quot;instance&quot; is null" type="java.lang.NullPointerException">java.lang.NullPointerException: Cannot invoke &quot;Login.loginUser()&quot; because &quot;instance&quot; is null
	at RegisterTest.testLoginUser(RegisterTest.java:140)
</failure>
    <system-out>loginUser
</system-out>
  </testcase>
  <testcase classname="RegisterTest" name="RegisterTest.testCheckUserName" time="0">
    <failure message="Cannot invoke &quot;Login.checkUserName()&quot; because &quot;instance&quot; is null" type="java.lang.NullPointerException">java.lang.NullPointerException: Cannot invoke &quot;Login.checkUserName()&quot; because &quot;instance&quot; is null
	at RegisterTest.testCheckUserName(RegisterTest.java:98)
</failure>
    <system-out>checkUserName
</system-out>
  </testcase>
  <testcase classname="RegisterTest" name="RegisterTest.testCheckPasswordComplexity" time="0.009">
    <failure message="Cannot invoke &quot;Login.checkPasswordComplexity()&quot; because &quot;instance&quot; is null" type="java.lang.NullPointerException">java.lang.NullPointerException: Cannot invoke &quot;Login.checkPasswordComplexity()&quot; because &quot;instance&quot; is null
	at RegisterTest.testCheckPasswordComplexity(RegisterTest.java:112)
</failure>
    <system-out>checkPasswordComplexity
</system-out>
  </testcase>
  <testcase classname="RegisterTest" name="RegisterTest.testReturnLoginStatus" time="0.009">
    <failure message="Cannot invoke &quot;Login.returnLoginStatus()&quot; because &quot;instance&quot; is null" type="java.lang.NullPointerException">java.lang.NullPointerException: Cannot invoke &quot;Login.returnLoginStatus()&quot; because &quot;instance&quot; is null
	at RegisterTest.testReturnLoginStatus(RegisterTest.java:154)
</failure>
    <system-out>returnLoginStatus
</system-out>
  </testcase>
</testsuite>